Arguments: 
  C:\Program Files\nodejs\node.exe C:\Users\Administrator\AppData\Roaming\npm\node_modules\yarn\bin\yarn.js add typescript@2.6.2 @babel/core@7.0.0-beta.32 @babel/cli@7.0.0-beta.32 @babel/plugin-proposal-class-properties@7.0.0-beta.32 @babel/plugin-proposal-object-rest-spread@7.0.0-beta.32 @babel/preset-env@7.0.0-beta.32 @babel/preset-typescript@7.0.0-beta.32

PATH: 
  C:\WINDOWS\system32;C:\WINDOWS;C:\WINDOWS\System32\Wbem;C:\WINDOWS\System32\WindowsPowerShell\v1.0\;C:\HashiCorp\Vagrant\bin;C:\ProgramData\chocolatey\bin;C:\tools\php72;C:\Program Files\nodejs\;C:\ProgramData\ComposerSetup\bin;C:\Program Files\Git\cmd;C:\Users\Administrator\AppData\Local\Microsoft\WindowsApps;;D:\Program Files\Microsoft VS Code\bin;C:\Users\Administrator\AppData\Roaming\npm;C:\Users\Administrator\AppData\Roaming\Composer\vendor\bin

Yarn version: 
  1.3.2

Node version: 
  8.9.2

Platform: 
  win32 x64

npm manifest: 
  {
      "name": "typescript-dom",
      "version": "1.0.0",
      "description": "babel+typescript",
      "main": "greeter.js",
      "author": "zjx0723",
      "license": "ISC",
      "scripts": {
          "test": "echo \"Error: no test specified\" && exit 1"
      },
      "author": "",
      "license": "ISC"
  }

yarn manifest: 
  No manifest

Lockfile: 
  No lockfile

Trace: 
  Error: getaddrinfo EAI_AGAIN registry.yarnpkg.com:443
      at Object._errnoException (util.js:1024:11)
      at errnoException (dns.js:55:15)
      at GetAddrInfoReqWrap.onlookup [as oncomplete] (dns.js:92:26)
